<?xml version='1.0'?>
<ns2:test-suite xmlns:ns2='urn:model.allure.qatools.yandex.ru' start='1676013476788' stop='1676013486885'>
    <name>VRS Buynamics: As a user, I can log into the VRS platform</name>
    <title>VRS Buynamics: As a user, I can log into the VRS platform</title>
    <test-cases>
        <test-case start='1676013476789' status='passed' stop='1676013476791'>
            <name></name>
            <title></title>
            <labels>
                <label name='language' value='javascript'/>
                <label name='framework' value='wdio'/>
                <label name='thread' value='0-0'/>
            </labels>
            <parameters>
                <parameter kind='argument' name='browser' value='chrome-110.0.5481.78'/>
            </parameters>
            <steps/>
            <attachments/>
        </test-case>
        <test-case start='1676013476792' status='passed' stop='1676013485809'>
            <name>Given I am on the login page</name>
            <title>Given I am on the login page</title>
            <labels>
                <label name='language' value='javascript'/>
                <label name='framework' value='wdio'/>
                <label name='thread' value='0-0'/>
            </labels>
            <parameters>
                <parameter kind='argument' name='browser' value='chrome-110.0.5481.78'/>
            </parameters>
            <steps>
                <step start='1676013476795' status='undefined'>
                    <name>POST /session/:sessionId/url</name>
                    <title>POST /session/:sessionId/url</title>
                    <attachments>
                        <attachment title='Request' source='80722680-8215-4d9b-a9dd-1a2c16d72b6d-attachment.json' type='application/json' size='64'/>
                    </attachments>
                    <steps>
                        <step start='1676013476800' status='passed' stop='1676013485807'>
                            <name>POST /session/:sessionId/window/maximize</name>
                            <title>POST /session/:sessionId/window/maximize</title>
                            <attachments/>
                            <steps/>
                        </step>
                    </steps>
                </step>
            </steps>
            <attachments/>
        </test-case>
        <test-case start='1676013485809' status='failed' stop='1676013486883'>
            <name>When I login with admin and Welkom01!</name>
            <title>When I login with admin and Welkom01!</title>
            <labels>
                <label name='language' value='javascript'/>
                <label name='framework' value='wdio'/>
                <label name='thread' value='0-0'/>
            </labels>
            <parameters>
                <parameter kind='argument' name='browser' value='chrome-110.0.5481.78'/>
            </parameters>
            <steps>
                <step start='1676013485814' status='passed' stop='1676013485933'>
                    <name>POST /session/:sessionId/element</name>
                    <title>POST /session/:sessionId/element</title>
                    <attachments>
                        <attachment title='Request' source='400bce39-604b-4c9f-baa5-5584dcae7b7a-attachment.json' type='application/json' size='53'/>
                        <attachment title='Response' source='1f3bdc29-6652-434b-b5d8-d69471882fc3-attachment.json' type='application/json' size='58'/>
                    </attachments>
                    <steps/>
                </step>
                <step start='1676013485953' status='passed' stop='1676013486783'>
                    <name>POST /session/:sessionId/element/1d6ced95-aadc-4327-8be6-96bdabc4a596/click</name>
                    <title>POST /session/:sessionId/element/1d6ced95-aadc-4327-8be6-96bdabc4a596/click</title>
                    <attachments/>
                    <steps/>
                </step>
                <step start='1676013486785' status='passed' stop='1676013486800'>
                    <name>POST /session/:sessionId/element</name>
                    <title>POST /session/:sessionId/element</title>
                    <attachments>
                        <attachment title='Request' source='41dd0f44-6a3d-4303-87e4-11725ecc40f2-attachment.json' type='application/json' size='53'/>
                        <attachment title='Response' source='18ea5175-8025-4c52-8e23-3121145c8412-attachment.json' type='application/json' size='83'/>
                    </attachments>
                    <steps/>
                </step>
                <step start='1676013486803' status='passed' stop='1676013486836'>
                    <name>POST /session/:sessionId/element/1d6ced95-aadc-4327-8be6-96bdabc4a596/clear</name>
                    <title>POST /session/:sessionId/element/1d6ced95-aadc-4327-8be6-96bdabc4a596/clear</title>
                    <attachments/>
                    <steps/>
                </step>
                <step start='1676013486836' status='passed' stop='1676013486879'>
                    <name>POST /session/:sessionId/element/1d6ced95-aadc-4327-8be6-96bdabc4a596/value</name>
                    <title>POST /session/:sessionId/element/1d6ced95-aadc-4327-8be6-96bdabc4a596/value</title>
                    <attachments>
                        <attachment title='Request' source='44966aca-e75e-4813-8a93-a7e13b8a3163-attachment.json' type='application/json' size='21'/>
                    </attachments>
                    <steps/>
                </step>
            </steps>
            <attachments>
                <attachment title='Response' source='3a612d52-f908-46b1-aa9f-38229ac1ff72-attachment.json' type='application/json' size='83'/>
            </attachments>
            <failure>
                <message>Error: saveScreenshot expects a filepath of type string and ".png" file ending</message>
                <stack-trace>Error: saveScreenshot expects a filepath of type string and ".png" file ending
                    at processTicksAndRejections (node:internal/process/task_queues:95:5)
                    at async LoginPage.login (file:///C:/Auto_learning/webdriverio/features/pageobjects/login.page.ts:30:9)
                    at async World.&lt;anonymous> (file:///C:/Auto_learning/webdriverio/features/step-definitions/steps.ts:19:5)</stack-trace>
            </failure>
        </test-case>
        <test-case start='1676013486883' status='broken' stop='1676013486883'>
            <name>Then I should see message and date saying Based on prefab scorecards generated on</name>
            <title>Then I should see message and date saying Based on prefab scorecards generated on</title>
            <labels>
                <label name='language' value='javascript'/>
                <label name='framework' value='wdio'/>
                <label name='thread' value='0-0'/>
            </labels>
            <parameters>
                <parameter kind='argument' name='browser' value='chrome-110.0.5481.78'/>
            </parameters>
            <steps/>
            <attachments/>
            <failure>
                <message>Step "I should see message and date saying Based on prefab scorecards generated on" is not defined. You can ignore this error by setting cucumberOpts.ignoreUndefinedDefinitions as true.</message>
                <stack-trace>Step "I should see message and date saying Based on prefab scorecards generated on" is not defined. You can ignore this error by setting cucumberOpts.ignoreUndefinedDefinitions as true.
                	at Feature(C:\Auto_learning\webdriverio\features\login.feature):1:1
                	at Scenario(As a user, I can log into the VRS platform):3:3
                	at Step(I should see message and date saying &lt;message>):7:5
                </stack-trace>
            </failure>
        </test-case>
        <test-case start='1676013486883' status='passed' stop='1676013486884'>
            <name></name>
            <title></title>
            <labels>
                <label name='language' value='javascript'/>
                <label name='framework' value='wdio'/>
                <label name='thread' value='0-0'/>
            </labels>
            <parameters>
                <parameter kind='argument' name='browser' value='chrome-110.0.5481.78'/>
            </parameters>
            <steps/>
            <attachments/>
        </test-case>
    </test-cases>
</ns2:test-suite>